test2.obj : error LNK2005: _main 已经在 test.obj 中定义
D:\所有文件\c程序\2019.1.5\Debug\2019.1.5.exe : fatal error LNK1169: 找到一个或多个多重定义的符号
